make.exe all --print-data-base --no-builtin-variables --no-builtin-rules --question
make: *** No rule to make target 'all'.  Stop.

# GNU Make 4.4.1
# Built for Windows32
# Copyright (C) 1988-2023 Free Software Foundation, Inc.
# License GPLv3+: GNU GPL version 3 or later <https://gnu.org/licenses/gpl.html>
# This is free software: you are free to change and redistribute it.
# There is NO WARRANTY, to the extent permitted by law.

# Make data base, printed on Mon Dec 09 13:12:53 2024

# Variables

# environment
SYSTEMDRIVE = C:
# environment
LC_ALL = C
# environment
USERPROFILE = C:\Users\shenx
# environment
LOCAL_GIT_DIRECTORY = C:\Users\shenx\AppData\Local\GitHubDesktop\app-3.4.9\resources\app\git
# environment
LOCALAPPDATA = C:\Users\shenx\AppData\Local
# environment
VSCODE_CRASH_REPORTER_PROCESS_TYPE = extensionHost
# environment
VSCODE_CWD = C:\Users\shenx\AppData\Local\GitHubDesktop\app-3.4.9
# environment
CHOCOLATEYINSTALL = C:\ProgramData\chocolatey
# environment
SYSTEMROOT = C:\Windows
# environment
PROCESSOR_LEVEL = 6
# environment
PSMODULEPATH = C:\Program Files\WindowsPowerShell\Modules;C:\Windows\system32\WindowsPowerShell\v1.0\Modules
# default
MAKE_COMMAND := C:/ProgramData/chocolatey/lib/make/tools/install/bin/make.exe
# environment
APPLICATIONINSIGHTS_CONFIGURATION_CONTENT = {}
# automatic
@D = $(patsubst %/,%,$(patsubst %\,%,$(dir $@)))
# environment
CHROME_CRASHPAD_PIPE_NAME = \\.\pipe\crashpad_33616_QCFDVLICACEPADBP
# environment
VSCODE_HANDLES_UNCAUGHT_ERRORS = true
# default
.VARIABLES := 
# automatic
%D = $(patsubst %/,%,$(patsubst %\,%,$(dir $%)))
# environment
IGCCSVC_DB = AQAAANCMnd8BFdERjHoAwE/Cl+sBAAAAURD4xTzV4k2j/vISdX3L6gQAAAACAAAAAAAQZgAAAAEAACAAAAA6j5QacIJWnIUOPL6sssABFORW52l8qSymCyMJ0ERwcAAAAAAOgAAAAAIAACAAAADSWUDV8o95gSD4bMS3uuSPbq4qhjHr9A/thTXMGYaaYGAAAACgSuItL6B/1iJkp6QScL0KycPUwtgQ+5ZgRUZ/wHzYMnQC9uPSf1yNBCmUkFqKbtIlwoOcUvEZvHjEdKCydPbgVePRib3/MhNaDCXYxjrZFARNoQoSm4GOFQTNLgFJFd5AAAAAuKcYDwvg9LrRVhKcyCNFU9Sj1zRqSgrkK55E0ke7B5yJhuFy28pLHZF7sqBhWDX+I12gbwXmOOAYOmKuN2eS2Q==
# automatic
^D = $(patsubst %/,%,$(patsubst %\,%,$(dir $^)))
# automatic
%F = $(notdir $%)
# environment
VSCODE_CODE_CACHE_PATH = C:\Users\shenx\AppData\Roaming\Code\CachedData\f1a4fb101478ce6ec82fe9627c43efbf9e98c813
# environment
EFC_10044 = 1
# environment
LANG = C
# default
.LOADED := 
# environment
TMP = C:\Users\shenx\AppData\Local\Temp
# default
.INCLUDE_DIRS := .
# environment
PROCESSOR_ARCHITEW6432 = AMD64
# makefile
MAKEFLAGS = pqrR
# environment
ONEDRIVE = C:\Users\shenx\OneDrive
# makefile
CURDIR := c:/Users/shenx/Documents/GitHub/tsigs-ories.github.io
# environment
APPLICATION_INSIGHTS_NO_DIAGNOSTIC_CHANNEL = 1
# environment
GUROBI_HOME = D:\gurobi1100\win64
# environment
VSCODE_L10N_BUNDLE_LOCATION = 
# automatic
*D = $(patsubst %/,%,$(patsubst %\,%,$(dir $*)))
# environment
PROGRAMFILES = C:\Program Files (x86)
# environment
MFLAGS = -pqrR
# default
.SHELLFLAGS := -c
# environment
COMMONPROGRAMW6432 = C:\Program Files\Common Files
# automatic
+D = $(patsubst %/,%,$(patsubst %\,%,$(dir $+)))
# makefile (from 'Makefile', line 1)
MAKEFILE_LIST := Makefile
# automatic
@F = $(notdir $@)
# environment
EMULATOR_SDK_ROOT = C:\Program Files\MobileAppEngine\EmulatorSdk
# environment
VSCODE_PID = 33616
# automatic
?D = $(patsubst %/,%,$(patsubst %\,%,$(dir $?)))
# automatic
*F = $(notdir $*)
# automatic
<D = $(patsubst %/,%,$(patsubst %\,%,$(dir $<)))
# environment
VSCODE_NLS_CONFIG = {"userLocale":"en-us","osLocale":"zh-cn","resolvedLanguage":"en","defaultMessagesFile":"C:\\Users\\shenx\\AppData\\Local\\Programs\\Microsoft VS Code\\resources\\app\\out\\nls.messages.json","locale":"en-us","availableLanguages":{}}
# default
MAKE_HOST := Windows32
# environment
PROGRAMDATA = C:\ProgramData
# default
SHELL := sh.exe
# environment
HOMEPATH = \Users\shenx
# default
MAKECMDGOALS := all
# environment
DRIVERDATA = C:\Windows\System32\Drivers\DriverData
# environment
COMSPEC = C:\Windows\system32\cmd.exe
# environment
WINDIR = C:\Windows
# environment
MAKELEVEL := 0
# default
MAKE = $(MAKE_COMMAND)
# environment
PATH = D:\Program Files\copt72\bin;D:\Program Files\copt70\bin;D:\gurobi1100\win64\bin;C:\Program Files (x86)\Common Files\Intel\Shared Libraries\bin32;C:\Program Files (x86)\Common Files\Intel\Shared Libraries\bin;C:\Windows\System32\HWAudioDriver;C:\Windows\system32;C:\Windows;C:\Windows\System32\Wbem;C:\Windows\System32\WindowsPowerShell\v1.0\;C:\Windows\System32\OpenSSH\;C:\Users\Administrator\AppData\Local\Microsoft\WindowsApps;C:\Program Files (x86)\Pulse Secure\VC142.CRT\X64\;C:\Program Files (x86)\Pulse Secure\VC142.CRT\X86\;C:\Program Files (x86)\Common Files\Pulse Secure\TNC Client Plugin\;C:\Program Files\Git\cmd;C:\Users\shenx\anaconda3;C:\Users\shenx\anaconda3\Library\bin;C:\Users\shenx\anaconda3\Scripts;D:\Program Files\MATLAB\R2023b\bin;D:\Program Files\MATLAB\R2023a\runtime\win64;D:\Program Files\MATLAB\R2023a\bin;C:\Program Files\Docker\Docker\resources\bin;C:\Program Files (x86)\IDM Computer Solutions\UltraEdit;D:\Program Files\CMake\bin;C:\ProgramData\chocolatey\bin;C:\Users\shenx\AppData\Local\Microsoft\WindowsApps;C:\Users\shenx\AppData\Local\Programs\Microsoft VS Code\bin;C:\Users\shenx\AppData\Local\GitHubDesktop\bin;C:\ProgramData\Microsoft\Windows\Start Menu\Programs\Python 3.9;C:\Users\shenx\anaconda3;C:\Users\shenx\anaconda3\Scripts;C:\Users\shenx\anaconda3\Library\bin;D:\Program Files\MiKTeX\miktex\bin\x64\
# environment
ZES_ENABLE_SYSMAN = 1
# environment
COMPUTERNAME = XWSHEN-MATEBOOK
# default
MAKEFILES := 
# automatic
^F = $(notdir $^)
# environment
PROMPT = $P$G
# environment
CHOCOLATEYLASTPATHUPDATE = 133674988430352002
# environment
LOGONSERVER = \\XWSHEN-MATEBOOK
# environment
USERNAME = shenx
# environment
EMULATOR_AVD_ROOT = D:\Program Files\MobileAppEngine\emui
# environment
COMMONPROGRAMFILES = C:\Program Files (x86)\Common Files
# automatic
?F = $(notdir $?)
# environment
PROGRAMW6432 = C:\Program Files
# environment
PATHEXT = .COM;.EXE;.BAT;.CMD;.VBS;.VBE;.JS;.JSE;.WSF;.WSH;.MSC
# automatic
+F = $(notdir $+)
# environment
ORIGINAL_XDG_CURRENT_DESKTOP = undefined
# environment
USERDOMAIN = XWSHEN-MATEBOOK
# 'override' directive
GNUMAKEFLAGS := 
# environment
OS = Windows_NT
# environment
__COMPAT_LAYER = DetectorsAppHealth
# makefile
.DEFAULT_GOAL := update
# default
MAKE_VERSION := 4.4.1
# environment
PROGRAMFILES(X86) = C:\Program Files (x86)
# environment
USERDOMAIN_ROAMINGPROFILE = XWSHEN-MATEBOOK
# environment
NUMBER_OF_PROCESSORS = 16
# environment
PUBLIC = C:\Users\Public
# environment
APPDATA = C:\Users\shenx\AppData\Roaming
# environment
HOMEDRIVE = C:
# environment
PROCESSOR_ARCHITECTURE = x86
# environment
COMMONPROGRAMFILES(X86) = C:\Program Files (x86)\Common Files
# environment
ELECTRON_RUN_AS_NODE = 1
# environment
TEMP = C:\Users\shenx\AppData\Local\Temp
# environment
VSCODE_IPC_HOOK = \\.\pipe\b4329f78-1.95.3-main-sock
# default
.RECIPEPREFIX := 
# automatic
<F = $(notdir $<)
# default
SUFFIXES := 
# environment
ALLUSERSPROFILE = C:\ProgramData
# environment
SESSIONNAME = Console
# environment
VSCODE_CLI = 1
# environment
ELECTRON_NO_ATTACH_CONSOLE = 1
# default
.FEATURES := target-specific order-only second-expansion else-if shortest-stem undefine oneshell nocomment grouped-target extra-prereqs notintermediate shell-export archives jobserver output-sync load dospaths
# environment
PROCESSOR_REVISION = ba02
# environment
VSCODE_ESM_ENTRYPOINT = vs/workbench/api/node/extensionHostProcess
# environment
PROCESSOR_IDENTIFIER = Intel64 Family 6 Model 186 Stepping 2, GenuineIntel
# variable set hash-table stats:
# Load=102/1024=10%, Rehash=0, Collisions=10/130=8%

# Pattern-specific Variable Values

# No pattern-specific variable values.

# Directories

# . (key c:/Users/shenx/Documents/GitHub/tsigs-ories.github.io, mtime 1731208423): 31 files, no impossibilities.

# 31 files, no impossibilities in 1 directories.

# Implicit Rules

# No implicit rules.

# Files

update:
#  Phony target (prerequisite of .PHONY).
#  Implicit rule search has not been done.
#  File does not exist.
#  File has not been updated.
#  recipe to execute (from 'Makefile', line 3):
	@make -C www update

wwws:
#  Phony target (prerequisite of .PHONY).
#  Implicit rule search has not been done.
#  File does not exist.
#  File has not been updated.

realupdate:
#  Phony target (prerequisite of .PHONY).
#  Implicit rule search has not been done.
#  File does not exist.
#  File has not been updated.
#  recipe to execute (from 'Makefile', line 7):
	@make -C www realupdate

docs:
#  Implicit rule search has not been done.
#  Modification time never checked.
#  File has not been updated.
#  recipe to execute (from 'Makefile', line 11):
	@make -C www docs

# Not a target:
Makefile:
#  Implicit rule search has been done.
#  File is secondary (prerequisite of .SECONDARY).
#  Last modified 2023-07-08 11:40:50
#  File has been updated.
#  Successfully updated.

clean:
#  Phony target (prerequisite of .PHONY).
#  Implicit rule search has not been done.
#  File does not exist.
#  File has not been updated.
#  recipe to execute (from 'Makefile', line 15):
	@make -C www clean

# Not a target:
.DEFAULT:
#  Implicit rule search has not been done.
#  Modification time never checked.
#  File has not been updated.

# Not a target:
all:
#  Command line target.
#  Implicit rule search has been done.
#  File does not exist.
#  File has not been updated.

.PHONY: update realupdate wwws clean
#  Implicit rule search has not been done.
#  Modification time never checked.
#  File has not been updated.

# files hash-table stats:
# Load=10/1024=1%, Rehash=0, Collisions=0/31=0%
# VPATH Search Paths

# No 'vpath' search paths.

# No general ('VPATH' variable) search path.

# strcache buffers: 1 (0) / strings = 40 / storage = 386 B / avg = 9 B
# current buf: size = 8174 B / used = 386 B / count = 40 / avg = 9 B

# strcache performance: lookups = 58 / hit rate = 31%
# hash-table stats:
# Load=40/8192=0%, Rehash=0, Collisions=0/58=0%
# Finished Make data base on Mon Dec 09 13:12:53 2024

 
